0 verbose cli /data/data/com.termux/files/usr/bin/node /data/data/com.termux/files/usr/bin/npm
1 info using npm@11.3.0
2 info using node@v24.2.0
3 silly config load:file:/data/data/com.termux/files/usr/lib/node_modules/npm/npmrc
4 silly config load:file:/data/data/com.termux/files/home/ai-job-spot/.npmrc
5 silly config load:file:/data/data/com.termux/files/home/.npmrc
6 silly config load:file:/data/data/com.termux/files/usr/etc/npmrc
7 verbose title npm install firebase-admin
8 verbose argv "install" "firebase-admin"
9 verbose logfile logs-max:10 dir:/data/data/com.termux/files/home/.npm/_logs/2025-07-04T23_23_36_146Z-
10 verbose logfile /data/data/com.termux/files/home/.npm/_logs/2025-07-04T23_23_36_146Z-debug-0.log
11 silly logfile start cleaning logs, removing 1 files
12 silly packumentCache heap:1089470464 maxSize:272367616 maxEntrySize:136183808
13 silly logfile done cleaning log files
14 silly idealTree buildDeps
15 silly fetch manifest firebase-admin@^13.4.0
16 silly packumentCache full:https://registry.npmjs.org/firebase-admin cache-miss
17 http fetch GET 200 https://registry.npmjs.org/firebase-admin 1513ms (cache revalidated)
18 silly packumentCache full:https://registry.npmjs.org/firebase-admin set size:701293 disposed:false
19 silly placeDep ROOT firebase-admin@13.4.0 REPLACE for: ai-job-spot@0.1.0 want: ^13.4.0
20 silly reify moves {}
21 silly audit bulk request {
21 silly audit   '@alloc/quick-lru': [ '5.2.0' ],
21 silly audit   '@ampproject/remapping': [ '2.3.0' ],
21 silly audit   '@emnapi/core': [ '1.4.3' ],
21 silly audit   '@emnapi/runtime': [ '1.4.3' ],
21 silly audit   '@emnapi/wasi-threads': [ '1.0.2' ],
21 silly audit   '@eslint-community/eslint-utils': [ '4.7.0' ],
21 silly audit   'eslint-visitor-keys': [ '3.4.3', '4.2.1' ],
21 silly audit   '@eslint-community/regexpp': [ '4.12.1' ],
21 silly audit   '@eslint/config-array': [ '0.21.0' ],
21 silly audit   '@eslint/config-helpers': [ '0.3.0' ],
21 silly audit   '@eslint/core': [ '0.14.0', '0.15.1' ],
21 silly audit   '@eslint/eslintrc': [ '3.3.1' ],
21 silly audit   '@eslint/js': [ '9.30.1' ],
21 silly audit   '@eslint/object-schema': [ '2.1.6' ],
21 silly audit   '@eslint/plugin-kit': [ '0.3.3' ],
21 silly audit   '@fastify/busboy': [ '3.1.1' ],
21 silly audit   '@firebase/ai': [ '1.4.1' ],
21 silly audit   '@firebase/analytics': [ '0.10.17' ],
21 silly audit   '@firebase/analytics-compat': [ '0.2.23' ],
21 silly audit   '@firebase/analytics-types': [ '0.8.3' ],
21 silly audit   '@firebase/app': [ '0.13.2' ],
21 silly audit   '@firebase/app-check': [ '0.10.1' ],
21 silly audit   '@firebase/app-check-compat': [ '0.3.26' ],
21 silly audit   '@firebase/app-check-interop-types': [ '0.3.3' ],
21 silly audit   '@firebase/app-check-types': [ '0.5.3' ],
21 silly audit   '@firebase/app-compat': [ '0.4.2' ],
21 silly audit   '@firebase/app-types': [ '0.9.3' ],
21 silly audit   '@firebase/auth': [ '1.10.8' ],
21 silly audit   '@firebase/auth-compat': [ '0.5.28' ],
21 silly audit   '@firebase/auth-interop-types': [ '0.2.4' ],
21 silly audit   '@firebase/auth-types': [ '0.13.0' ],
21 silly audit   '@firebase/component': [ '0.6.18' ],
21 silly audit   '@firebase/data-connect': [ '0.3.10' ],
21 silly audit   '@firebase/database': [ '1.0.20' ],
21 silly audit   '@firebase/database-compat': [ '2.0.11' ],
21 silly audit   '@firebase/database-types': [ '1.0.15' ],
21 silly audit   '@firebase/firestore': [ '4.8.0' ],
21 silly audit   '@firebase/firestore-compat': [ '0.3.53' ],
21 silly audit   '@firebase/firestore-types': [ '3.0.3' ],
21 silly audit   '@firebase/functions': [ '0.12.9' ],
21 silly audit   '@firebase/functions-compat': [ '0.3.26' ],
21 silly audit   '@firebase/functions-types': [ '0.6.3' ],
21 silly audit   '@firebase/installations': [ '0.6.18' ],
21 silly audit   '@firebase/installations-compat': [ '0.2.18' ],
21 silly audit   '@firebase/installations-types': [ '0.5.3' ],
21 silly audit   '@firebase/logger': [ '0.4.4' ],
21 silly audit   '@firebase/messaging': [ '0.12.22' ],
21 silly audit   '@firebase/messaging-compat': [ '0.2.22' ],
21 silly audit   '@firebase/messaging-interop-types': [ '0.2.3' ],
21 silly audit   '@firebase/performance': [ '0.7.7' ],
21 silly audit   '@firebase/performance-compat': [ '0.2.20' ],
21 silly audit   '@firebase/performance-types': [ '0.2.3' ],
21 silly audit   '@firebase/remote-config': [ '0.6.5' ],
21 silly audit   '@firebase/remote-config-compat': [ '0.2.18' ],
21 silly audit   '@firebase/remote-config-types': [ '0.4.0' ],
21 silly audit   '@firebase/storage': [ '0.13.14' ],
21 silly audit   '@firebase/storage-compat': [ '0.3.24' ],
21 silly audit   '@firebase/storage-types': [ '0.8.3' ],
21 silly audit   '@firebase/util': [ '1.12.1' ],
21 silly audit   '@firebase/webchannel-wrapper': [ '1.0.3' ],
21 silly audit   '@google-cloud/firestore': [ '7.11.2' ],
21 silly audit   '@google-cloud/paginator': [ '5.0.2' ],
21 silly audit   '@google-cloud/projectify': [ '4.0.0' ],
21 silly audit   '@google-cloud/promisify': [ '4.0.0' ],
21 silly audit   '@google-cloud/storage': [ '7.16.0' ],
21 silly audit   uuid: [ '8.3.2', '9.0.1', '11.1.0' ],
21 silly audit   '@grpc/grpc-js': [ '1.9.15', '1.13.4' ],
21 silly audit   '@grpc/proto-loader': [ '0.7.15' ],
21 silly audit   '@humanfs/core': [ '0.19.1' ],
21 silly audit   '@humanfs/node': [ '0.16.6' ],
21 silly audit   '@humanwhocodes/retry': [ '0.3.1', '0.4.3' ],
21 silly audit   '@humanwhocodes/module-importer': [ '1.0.1' ],
21 silly audit   '@img/sharp-darwin-arm64': [ '0.34.2' ],
21 silly audit   '@img/sharp-darwin-x64': [ '0.34.2' ],
21 silly audit   '@img/sharp-libvips-darwin-arm64': [ '1.1.0' ],
21 silly audit   '@img/sharp-libvips-darwin-x64': [ '1.1.0' ],
21 silly audit   '@img/sharp-libvips-linux-arm': [ '1.1.0' ],
21 silly audit   '@img/sharp-libvips-linux-arm64': [ '1.1.0' ],
21 silly audit   '@img/sharp-libvips-linux-ppc64': [ '1.1.0' ],
21 silly audit   '@img/sharp-libvips-linux-s390x': [ '1.1.0' ],
21 silly audit   '@img/sharp-libvips-linux-x64': [ '1.1.0' ],
21 silly audit   '@img/sharp-libvips-linuxmusl-arm64': [ '1.1.0' ],
21 silly audit   '@img/sharp-libvips-linuxmusl-x64': [ '1.1.0' ],
21 silly audit   '@img/sharp-linux-arm': [ '0.34.2' ],
21 silly audit   '@img/sharp-linux-arm64': [ '0.34.2' ],
21 silly audit   '@img/sharp-linux-s390x': [ '0.34.2' ],
21 silly audit   '@img/sharp-linux-x64': [ '0.34.2' ],
21 silly audit   '@img/sharp-linuxmusl-arm64': [ '0.34.2' ],
21 silly audit   '@img/sharp-linuxmusl-x64': [ '0.34.2' ],
21 silly audit   '@img/sharp-wasm32': [ '0.34.2' ],
21 silly audit   '@img/sharp-win32-arm64': [ '0.34.2' ],
21 silly audit   '@img/sharp-win32-ia32': [ '0.34.2' ],
21 silly audit   '@img/sharp-win32-x64': [ '0.34.2' ],
21 silly audit   '@isaacs/fs-minipass': [ '4.0.1' ],
21 silly audit   '@jridgewell/gen-mapping': [ '0.3.12' ],
21 silly audit   '@jridgewell/resolve-uri': [ '3.1.2' ],
21 silly audit   '@jridgewell/sourcemap-codec': [ '1.5.4' ],
21 silly audit   '@jridgewell/trace-mapping': [ '0.3.29' ],
21 silly audit   '@js-sdsl/ordered-map': [ '4.4.2' ],
21 silly audit   '@napi-rs/wasm-runtime': [ '0.2.11' ],
21 silly audit   '@next/env': [ '15.3.5' ],
21 silly audit   '@next/eslint-plugin-next': [ '15.3.5' ],
21 silly audit   '@next/swc-darwin-arm64': [ '15.3.5' ],
21 silly audit   '@next/swc-darwin-x64': [ '15.3.5' ],
21 silly audit   '@next/swc-linux-arm64-gnu': [ '15.3.5' ],
21 silly audit   '@next/swc-linux-arm64-musl': [ '15.3.5' ],
21 silly audit   '@next/swc-linux-x64-gnu': [ '15.3.5' ],
21 silly audit   '@next/swc-linux-x64-musl': [ '15.3.5' ],
21 silly audit   '@next/swc-win32-arm64-msvc': [ '15.3.5' ],
21 silly audit   '@next/swc-win32-x64-msvc': [ '15.3.5' ],
21 silly audit   '@nodelib/fs.scandir': [ '2.1.5' ],
21 silly audit   '@nodelib/fs.stat': [ '2.0.5' ],
21 silly audit   '@nodelib/fs.walk': [ '1.2.8' ],
21 silly audit   '@nolyfill/is-core-module': [ '1.0.39' ],
21 silly audit   '@opentelemetry/api': [ '1.9.0' ],
21 silly audit   '@protobufjs/aspromise': [ '1.1.2' ],
21 silly audit   '@protobufjs/base64': [ '1.1.2' ],
21 silly audit   '@protobufjs/codegen': [ '2.0.4' ],
21 silly audit   '@protobufjs/eventemitter': [ '1.1.0' ],
21 silly audit   '@protobufjs/fetch': [ '1.1.0' ],
21 silly audit   '@protobufjs/float': [ '1.0.2' ],
21 silly audit   '@protobufjs/inquire': [ '1.1.0' ],
21 silly audit   '@protobufjs/path': [ '1.1.2' ],
21 silly audit   '@protobufjs/pool': [ '1.1.0' ],
21 silly audit   '@protobufjs/utf8': [ '1.1.0' ],
21 silly audit   '@rtsao/scc': [ '1.1.0' ],
21 silly audit   '@rushstack/eslint-patch': [ '1.12.0' ],
21 silly audit   '@swc/counter': [ '0.1.3' ],
21 silly audit   '@swc/helpers': [ '0.5.15' ],
21 silly audit   '@tailwindcss/node': [ '4.1.11' ],
21 silly audit   '@tailwindcss/oxide': [ '4.1.11' ],
21 silly audit   '@tailwindcss/oxide-android-arm64': [ '4.1.11' ],
21 silly audit   '@tailwindcss/oxide-darwin-arm64': [ '4.1.11' ],
21 silly audit   '@tailwindcss/oxide-darwin-x64': [ '4.1.11' ],
21 silly audit   '@tailwindcss/oxide-freebsd-x64': [ '4.1.11' ],
21 silly audit   '@tailwindcss/oxide-linux-arm-gnueabihf': [ '4.1.11' ],
21 silly audit   '@tailwindcss/oxide-linux-arm64-gnu': [ '4.1.11' ],
21 silly audit   '@tailwindcss/oxide-linux-arm64-musl': [ '4.1.11' ],
21 silly audit   '@tailwindcss/oxide-linux-x64-gnu': [ '4.1.11' ],
21 silly audit   '@tailwindcss/oxide-linux-x64-musl': [ '4.1.11' ],
21 silly audit   '@tailwindcss/oxide-wasm32-wasi': [ '4.1.11' ],
21 silly audit   '@tailwindcss/oxide-win32-arm64-msvc': [ '4.1.11' ],
21 silly audit   '@tailwindcss/oxide-win32-x64-msvc': [ '4.1.11' ],
21 silly audit   '@tailwindcss/postcss': [ '4.1.11' ],
21 silly audit   '@tootallnate/once': [ '2.0.0' ],
21 silly audit   '@tybys/wasm-util': [ '0.9.0' ],
21 silly audit   '@types/body-parser': [ '1.19.6' ],
21 silly audit   '@types/caseless': [ '0.12.5' ],
21 silly audit   '@types/connect': [ '3.4.38' ],
21 silly audit   '@types/estree': [ '1.0.8' ],
21 silly audit   '@types/express': [ '4.17.23' ],
21 silly audit   '@types/express-serve-static-core': [ '4.19.6' ],
21 silly audit   '@types/http-errors': [ '2.0.5' ],
21 silly audit   '@types/json-schema': [ '7.0.15' ],
21 silly audit   '@types/json5': [ '0.0.29' ],
21 silly audit   '@types/jsonwebtoken': [ '9.0.10' ],
21 silly audit   '@types/long': [ '4.0.2' ],
21 silly audit   '@types/mime': [ '1.3.5' ],
21 silly audit   '@types/ms': [ '2.1.0' ],
21 silly audit   '@types/node': [ '20.19.4', '22.16.0' ],
21 silly audit   '@types/qs': [ '6.14.0' ],
21 silly audit   '@types/range-parser': [ '1.2.7' ],
21 silly audit   '@types/react': [ '19.1.8' ],
21 silly audit   '@types/react-dom': [ '19.1.6' ],
21 silly audit   '@types/request': [ '2.48.12' ],
21 silly audit   '@types/send': [ '0.17.5' ],
21 silly audit   '@types/serve-static': [ '1.15.8' ],
21 silly audit   '@types/tough-cookie': [ '4.0.5' ],
21 silly audit   '@typescript-eslint/eslint-plugin': [ '8.35.1' ],
21 silly audit   ignore: [ '7.0.5', '5.3.2' ],
21 silly audit   '@typescript-eslint/parser': [ '8.35.1' ],
21 silly audit   '@typescript-eslint/project-service': [ '8.35.1' ],
21 silly audit   '@typescript-eslint/scope-manager': [ '8.35.1' ],
21 silly audit   '@typescript-eslint/tsconfig-utils': [ '8.35.1' ],
21 silly audit   '@typescript-eslint/type-utils': [ '8.35.1' ],
21 silly audit   '@typescript-eslint/types': [ '8.35.1' ],
21 silly audit   '@typescript-eslint/typescript-estree': [ '8.35.1' ],
21 silly audit   'brace-expansion': [ '2.0.2', '1.1.12' ],
21 silly audit   'fast-glob': [ '3.3.3', '3.3.1' ],
21 silly audit   'glob-parent': [ '5.1.2', '6.0.2' ],
21 silly audit   minimatch: [ '9.0.5', '3.1.2' ],
21 silly audit   '@typescript-eslint/utils': [ '8.35.1' ],
21 silly audit   '@typescript-eslint/visitor-keys': [ '8.35.1' ],
21 silly audit   '@unrs/resolver-binding-android-arm-eabi': [ '1.10.1' ],
21 silly audit   '@unrs/resolver-binding-android-arm64': [ '1.10.1' ],
21 silly audit   '@unrs/resolver-binding-darwin-arm64': [ '1.10.1' ],
21 silly audit   '@unrs/resolver-binding-darwin-x64': [ '1.10.1' ],
21 silly audit   '@unrs/resolver-binding-freebsd-x64': [ '1.10.1' ],
21 silly audit   '@unrs/resolver-binding-linux-arm-gnueabihf': [ '1.10.1' ],
21 silly audit   '@unrs/resolver-binding-linux-arm-musleabihf': [ '1.10.1' ],
21 silly audit   '@unrs/resolver-binding-linux-arm64-gnu': [ '1.10.1' ],
21 silly audit   '@unrs/resolver-binding-linux-arm64-musl': [ '1.10.1' ],
21 silly audit   '@unrs/resolver-binding-linux-ppc64-gnu': [ '1.10.1' ],
21 silly audit   '@unrs/resolver-binding-linux-riscv64-gnu': [ '1.10.1' ],
21 silly audit   '@unrs/resolver-binding-linux-riscv64-musl': [ '1.10.1' ],
21 silly audit   '@unrs/resolver-binding-linux-s390x-gnu': [ '1.10.1' ],
21 silly audit   '@unrs/resolver-binding-linux-x64-gnu': [ '1.10.1' ],
21 silly audit   '@unrs/resolver-binding-linux-x64-musl': [ '1.10.1' ],
21 silly audit   '@unrs/resolver-binding-wasm32-wasi': [ '1.10.1' ],
21 silly audit   '@unrs/resolver-binding-win32-arm64-msvc': [ '1.10.1' ],
21 silly audit   '@unrs/resolver-binding-win32-ia32-msvc': [ '1.10.1' ],
21 silly audit   '@unrs/resolver-binding-win32-x64-msvc': [ '1.10.1' ],
21 silly audit   'abort-controller': [ '3.0.0' ],
21 silly audit   acorn: [ '8.15.0' ],
21 silly audit   'acorn-jsx': [ '5.3.2' ],
21 silly audit   'agent-base': [ '7.1.3', '6.0.2' ],
21 silly audit   ajv: [ '6.12.6' ],
21 silly audit   'ansi-regex': [ '5.0.1' ],
21 silly audit   'ansi-styles': [ '4.3.0' ],
21 silly audit   argparse: [ '2.0.1' ],
21 silly audit   'aria-query': [ '5.3.2' ],
21 silly audit   'array-buffer-byte-length': [ '1.0.2' ],
21 silly audit   'array-includes': [ '3.1.9' ],
21 silly audit   'array.prototype.findlast': [ '1.2.5' ],
21 silly audit   'array.prototype.findlastindex': [ '1.2.6' ],
21 silly audit   'array.prototype.flat': [ '1.3.3' ],
21 silly audit   'array.prototype.flatmap': [ '1.3.3' ],
21 silly audit   'array.prototype.tosorted': [ '1.1.4' ],
21 silly audit   'arraybuffer.prototype.slice': [ '1.0.4' ],
21 silly audit   arrify: [ '2.0.1' ],
21 silly audit   'ast-types-flow': [ '0.0.8' ],
21 silly audit   'async-function': [ '1.0.0' ],
21 silly audit   'async-retry': [ '1.3.3' ],
21 silly audit   asynckit: [ '0.4.0' ],
21 silly audit   'available-typed-arrays': [ '1.0.7' ],
21 silly audit   'axe-core': [ '4.10.3' ],
21 silly audit   'axobject-query': [ '4.1.0' ],
21 silly audit   'balanced-match': [ '1.0.2' ],
21 silly audit   'base64-js': [ '1.5.1' ],
21 silly audit   'bignumber.js': [ '9.3.0' ],
21 silly audit   braces: [ '3.0.3' ],
21 silly audit   'buffer-equal-constant-time': [ '1.0.1' ],
21 silly audit   busboy: [ '1.6.0' ],
21 silly audit   'call-bind': [ '1.0.8' ],
21 silly audit   'call-bind-apply-helpers': [ '1.0.2' ],
21 silly audit   'call-bound': [ '1.0.4' ],
21 silly audit   callsites: [ '3.1.0' ],
21 silly audit   'caniuse-lite': [ '1.0.30001726' ],
21 silly audit   chalk: [ '4.1.2' ],
21 silly audit   chownr: [ '3.0.0' ],
21 silly audit   'client-only': [ '0.0.1' ],
21 silly audit   cliui: [ '8.0.1' ],
21 silly audit   color: [ '4.2.3' ],
21 silly audit   'color-convert': [ '2.0.1' ],
21 silly audit   'color-name': [ '1.1.4' ],
21 silly audit   'color-string': [ '1.9.1' ],
21 silly audit   'combined-stream': [ '1.0.8' ],
21 silly audit   'concat-map': [ '0.0.1' ],
21 silly audit   'cross-spawn': [ '7.0.6' ],
21 silly audit   csstype: [ '3.1.3' ],
21 silly audit   'damerau-levenshtein': [ '1.0.8' ],
21 silly audit   'data-view-buffer': [ '1.0.2' ],
21 silly audit   'data-view-byte-length': [ '1.0.2' ],
21 silly audit   'data-view-byte-offset': [ '1.0.1' ],
21 silly audit   debug: [ '4.4.1', '3.2.7' ],
21 silly audit   'deep-is': [ '0.1.4' ],
21 silly audit   'define-data-property': [ '1.1.4' ],
21 silly audit   'define-properties': [ '1.2.1' ],
21 silly audit   'delayed-stream': [ '1.0.0' ],
21 silly audit   'detect-libc': [ '2.0.4' ],
21 silly audit   doctrine: [ '2.1.0' ],
21 silly audit   'dunder-proto': [ '1.0.1' ],
21 silly audit   duplexify: [ '4.1.3' ],
21 silly audit   'ecdsa-sig-formatter': [ '1.0.11' ],
21 silly audit   'emoji-regex': [ '9.2.2', '8.0.0' ],
21 silly audit   'end-of-stream': [ '1.4.5' ],
21 silly audit   'enhanced-resolve': [ '5.18.2' ],
21 silly audit   'es-abstract': [ '1.24.0' ],
21 silly audit   'es-define-property': [ '1.0.1' ],
21 silly audit   'es-errors': [ '1.3.0' ],
21 silly audit   'es-iterator-helpers': [ '1.2.1' ],
21 silly audit   'es-object-atoms': [ '1.1.1' ],
21 silly audit   'es-set-tostringtag': [ '2.1.0' ],
21 silly audit   'es-shim-unscopables': [ '1.1.0' ],
21 silly audit   'es-to-primitive': [ '1.3.0' ],
21 silly audit   escalade: [ '3.2.0' ],
21 silly audit   'escape-string-regexp': [ '4.0.0' ],
21 silly audit   eslint: [ '9.30.1' ],
21 silly audit   'eslint-config-next': [ '15.3.5' ],
21 silly audit   'eslint-import-resolver-node': [ '0.3.9' ],
21 silly audit   'eslint-import-resolver-typescript': [ '3.10.1' ],
21 silly audit   'eslint-module-utils': [ '2.12.1' ],
21 silly audit   'eslint-plugin-import': [ '2.32.0' ],
21 silly audit   semver: [ '6.3.1', '7.7.2' ],
21 silly audit   'eslint-plugin-jsx-a11y': [ '6.10.2' ],
21 silly audit   'eslint-plugin-react': [ '7.37.5' ],
21 silly audit   'eslint-plugin-react-hooks': [ '5.2.0' ],
21 silly audit   resolve: [ '2.0.0-next.5', '1.22.10' ],
21 silly audit   'eslint-scope': [ '8.4.0' ],
21 silly audit   espree: [ '10.4.0' ],
21 silly audit   esquery: [ '1.6.0' ],
21 silly audit   esrecurse: [ '4.3.0' ],
21 silly audit   estraverse: [ '5.3.0' ],
21 silly audit   esutils: [ '2.0.3' ],
21 silly audit   'event-target-shim': [ '5.0.1' ],
21 silly audit   extend: [ '3.0.2' ],
21 silly audit   'farmhash-modern': [ '1.1.0' ],
21 silly audit   'fast-deep-equal': [ '3.1.3' ],
21 silly audit   'fast-json-stable-stringify': [ '2.1.0' ],
21 silly audit   'fast-levenshtein': [ '2.0.6' ],
21 silly audit   'fast-xml-parser': [ '4.5.3' ],
21 silly audit   fastq: [ '1.19.1' ],
21 silly audit   'faye-websocket': [ '0.11.4' ],
21 silly audit   'file-entry-cache': [ '8.0.0' ],
21 silly audit   'fill-range': [ '7.1.1' ],
21 silly audit   'find-up': [ '5.0.0' ],
21 silly audit   firebase: [ '11.10.0' ],
21 silly audit   'flat-cache': [ '4.0.1' ],
21 silly audit   flatted: [ '3.3.3' ],
21 silly audit   'for-each': [ '0.3.5' ],
21 silly audit   'form-data': [ '2.5.3' ],
21 silly audit   'function-bind': [ '1.1.2' ],
21 silly audit   'function.prototype.name': [ '1.1.8' ],
21 silly audit   'functional-red-black-tree': [ '1.0.1' ],
21 silly audit   'functions-have-names': [ '1.2.3' ],
21 silly audit   gaxios: [ '6.7.1' ],
21 silly audit   'gcp-metadata': [ '6.1.1' ],
21 silly audit   'get-caller-file': [ '2.0.5' ],
21 silly audit   'get-intrinsic': [ '1.3.0' ],
21 silly audit   'get-proto': [ '1.0.1' ],
21 silly audit   'get-symbol-description': [ '1.1.0' ],
21 silly audit   'get-tsconfig': [ '4.10.1' ],
21 silly audit   globals: [ '14.0.0' ],
21 silly audit   globalthis: [ '1.0.4' ],
21 silly audit   'google-auth-library': [ '9.15.1' ],
21 silly audit   'google-gax': [ '4.6.1' ],
21 silly audit   'google-logging-utils': [ '0.0.2' ],
21 silly audit   gopd: [ '1.2.0' ],
21 silly audit   'graceful-fs': [ '4.2.11' ],
21 silly audit   graphemer: [ '1.4.0' ],
21 silly audit   gtoken: [ '7.1.0' ],
21 silly audit   'has-bigints': [ '1.1.0' ],
21 silly audit   'has-flag': [ '4.0.0' ],
21 silly audit   'has-property-descriptors': [ '1.0.2' ],
21 silly audit   'has-proto': [ '1.2.0' ],
21 silly audit   'has-symbols': [ '1.1.0' ],
21 silly audit   'has-tostringtag': [ '1.0.2' ],
21 silly audit   hasown: [ '2.0.2' ],
21 silly audit   'html-entities': [ '2.6.0' ],
21 silly audit   'http-parser-js': [ '0.5.10' ],
21 silly audit   'http-proxy-agent': [ '5.0.0' ],
21 silly audit   'https-proxy-agent': [ '7.0.6', '5.0.1' ],
21 silly audit   idb: [ '7.1.1' ],
21 silly audit   'import-fresh': [ '3.3.1' ],
21 silly audit   imurmurhash: [ '0.1.4' ],
21 silly audit   inherits: [ '2.0.4' ],
21 silly audit   'internal-slot': [ '1.1.0' ],
21 silly audit   'is-array-buffer': [ '3.0.5' ],
21 silly audit   'is-arrayish': [ '0.3.2' ],
21 silly audit   'is-async-function': [ '2.1.1' ],
21 silly audit   'is-bigint': [ '1.1.0' ],
21 silly audit   'is-boolean-object': [ '1.2.2' ],
21 silly audit   'is-bun-module': [ '2.0.0' ],
21 silly audit   'is-callable': [ '1.2.7' ],
21 silly audit   'is-core-module': [ '2.16.1' ],
21 silly audit   'is-data-view': [ '1.0.2' ],
21 silly audit   'is-date-object': [ '1.1.0' ],
21 silly audit   'is-extglob': [ '2.1.1' ],
21 silly audit   'is-finalizationregistry': [ '1.1.1' ],
21 silly audit   'is-fullwidth-code-point': [ '3.0.0' ],
21 silly audit   'is-generator-function': [ '1.1.0' ],
21 silly audit   'is-glob': [ '4.0.3' ],
21 silly audit   'is-map': [ '2.0.3' ],
21 silly audit   'is-negative-zero': [ '2.0.3' ],
21 silly audit   'is-number': [ '7.0.0' ],
21 silly audit   'is-number-object': [ '1.1.1' ],
21 silly audit   'is-regex': [ '1.2.1' ],
21 silly audit   'is-set': [ '2.0.3' ],
21 silly audit   'is-shared-array-buffer': [ '1.0.4' ],
21 silly audit   'is-stream': [ '2.0.1' ],
21 silly audit   'is-string': [ '1.1.1' ],
21 silly audit   'is-symbol': [ '1.1.1' ],
21 silly audit   'is-typed-array': [ '1.1.15' ],
21 silly audit   'is-weakmap': [ '2.0.2' ],
21 silly audit   'is-weakref': [ '1.1.1' ],
21 silly audit   'is-weakset': [ '2.0.4' ],
21 silly audit   isarray: [ '2.0.5' ],
21 silly audit   isexe: [ '2.0.0' ],
21 silly audit   'iterator.prototype': [ '1.1.5' ],
21 silly audit   jiti: [ '2.4.2' ],
21 silly audit   jose: [ '4.15.9' ],
21 silly audit   'js-tokens': [ '4.0.0' ],
21 silly audit   'js-yaml': [ '4.1.0' ],
21 silly audit   'json-bigint': [ '1.0.0' ],
21 silly audit   'json-buffer': [ '3.0.1' ],
21 silly audit   'json-schema-traverse': [ '0.4.1' ],
21 silly audit   'json-stable-stringify-without-jsonify': [ '1.0.1' ],
21 silly audit   json5: [ '1.0.2' ],
21 silly audit   jsonwebtoken: [ '9.0.2' ],
21 silly audit   jwa: [ '1.4.2', '2.0.1' ],
21 silly audit   jws: [ '3.2.2', '4.0.0' ],
21 silly audit   'jsx-ast-utils': [ '3.3.5' ],
21 silly audit   'jwks-rsa': [ '3.2.0' ],
21 silly audit   keyv: [ '4.5.4' ],
21 silly audit   'language-subtag-registry': [ '0.3.23' ],
21 silly audit   'language-tags': [ '1.0.9' ],
21 silly audit   levn: [ '0.4.1' ],
21 silly audit   lightningcss: [ '1.30.1' ],
21 silly audit   'lightningcss-darwin-arm64': [ '1.30.1' ],
21 silly audit   'lightningcss-darwin-x64': [ '1.30.1' ],
21 silly audit   'lightningcss-freebsd-x64': [ '1.30.1' ],
21 silly audit   'lightningcss-linux-arm-gnueabihf': [ '1.30.1' ],
21 silly audit   'lightningcss-linux-arm64-gnu': [ '1.30.1' ],
21 silly audit   'lightningcss-linux-arm64-musl': [ '1.30.1' ],
21 silly audit   'lightningcss-linux-x64-gnu': [ '1.30.1' ],
21 silly audit   'lightningcss-linux-x64-musl': [ '1.30.1' ],
21 silly audit   'lightningcss-win32-arm64-msvc': [ '1.30.1' ],
21 silly audit   'lightningcss-win32-x64-msvc': [ '1.30.1' ],
21 silly audit   'lightningcss.android-arm64.node': [ '1.29.3-1' ],
21 silly audit   limiter: [ '1.1.5' ],
21 silly audit   'locate-path': [ '6.0.0' ],
21 silly audit   'lodash.camelcase': [ '4.3.0' ],
21 silly audit   'lodash.clonedeep': [ '4.5.0' ],
21 silly audit   'lodash.includes': [ '4.3.0' ],
21 silly audit   'lodash.isboolean': [ '3.0.3' ],
21 silly audit   'lodash.isinteger': [ '4.0.4' ],
21 silly audit   'lodash.isnumber': [ '3.0.3' ],
21 silly audit   'lodash.isplainobject': [ '4.0.6' ],
21 silly audit   'lodash.isstring': [ '4.0.1' ],
21 silly audit   'lodash.merge': [ '4.6.2' ],
21 silly audit   'lodash.once': [ '4.1.1' ],
21 silly audit   long: [ '5.3.2' ],
21 silly audit   'loose-envify': [ '1.4.0' ],
21 silly audit   'lru-cache': [ '6.0.0' ],
21 silly audit   yallist: [ '4.0.0', '5.0.0' ],
21 silly audit   'lru-memoizer': [ '2.3.0' ],
21 silly audit   'magic-string': [ '0.30.17' ],
21 silly audit   'math-intrinsics': [ '1.1.0' ],
21 silly audit   merge2: [ '1.4.1' ],
21 silly audit   micromatch: [ '4.0.8' ],
21 silly audit   mime: [ '3.0.0' ],
21 silly audit   'mime-db': [ '1.52.0' ],
21 silly audit   'mime-types': [ '2.1.35' ],
21 silly audit   minimist: [ '1.2.8' ],
21 silly audit   minipass: [ '7.1.2' ],
21 silly audit   minizlib: [ '3.0.2' ],
21 silly audit   mkdirp: [ '3.0.1' ],
21 silly audit   ms: [ '2.1.3' ],
21 silly audit   nanoid: [ '3.3.11' ],
21 silly audit   'napi-postinstall': [ '0.3.0' ],
21 silly audit   'natural-compare': [ '1.4.0' ],
21 silly audit   next: [ '15.3.5' ],
21 silly audit   postcss: [ '8.4.31', '8.5.6' ],
21 silly audit   'node-fetch': [ '2.7.0' ],
21 silly audit   'node-forge': [ '1.3.1' ],
21 silly audit   'object-assign': [ '4.1.1' ],
21 silly audit   'object-hash': [ '3.0.0' ],
21 silly audit   'object-inspect': [ '1.13.4' ],
21 silly audit   'object-keys': [ '1.1.1' ],
21 silly audit   'object.assign': [ '4.1.7' ],
21 silly audit   'object.entries': [ '1.1.9' ],
21 silly audit   'object.fromentries': [ '2.0.8' ],
21 silly audit   'object.groupby': [ '1.0.3' ],
21 silly audit   'object.values': [ '1.2.1' ],
21 silly audit   once: [ '1.4.0' ],
21 silly audit   optionator: [ '0.9.4' ],
21 silly audit   'own-keys': [ '1.0.1' ],
21 silly audit   'p-limit': [ '3.1.0' ],
21 silly audit   'p-locate': [ '5.0.0' ],
21 silly audit   'parent-module': [ '1.0.1' ],
21 silly audit   'path-exists': [ '4.0.0' ],
21 silly audit   'path-key': [ '3.1.1' ],
21 silly audit   'path-parse': [ '1.0.7' ],
21 silly audit   picocolors: [ '1.1.1' ],
21 silly audit   picomatch: [ '2.3.1', '4.0.2' ],
21 silly audit   'possible-typed-array-names': [ '1.1.0' ],
21 silly audit   'prelude-ls': [ '1.2.1' ],
21 silly audit   'prop-types': [ '15.8.1' ],
21 silly audit   'proto3-json-serializer': [ '2.0.2' ],
21 silly audit   protobufjs: [ '7.5.3' ],
21 silly audit   punycode: [ '2.3.1' ],
21 silly audit   'queue-microtask': [ '1.2.3' ],
21 silly audit   react: [ '19.1.0' ],
21 silly audit   'react-dom': [ '19.1.0' ],
21 silly audit   'react-is': [ '16.13.1' ],
21 silly audit   'readable-stream': [ '3.6.2' ],
21 silly audit   'reflect.getprototypeof': [ '1.0.10' ],
21 silly audit   'regexp.prototype.flags': [ '1.5.4' ],
21 silly audit   'require-directory': [ '2.1.1' ],
21 silly audit   'resolve-from': [ '4.0.0' ],
21 silly audit   'resolve-pkg-maps': [ '1.0.0' ],
21 silly audit   retry: [ '0.13.1' ],
21 silly audit   'retry-request': [ '7.0.2' ],
21 silly audit   reusify: [ '1.1.0' ],
21 silly audit   'run-parallel': [ '1.2.0' ],
21 silly audit   'safe-array-concat': [ '1.1.3' ],
21 silly audit   'safe-buffer': [ '5.2.1' ],
21 silly audit   'safe-push-apply': [ '1.0.0' ],
21 silly audit   'safe-regex-test': [ '1.1.0' ],
21 silly audit   scheduler: [ '0.26.0' ],
21 silly audit   'set-function-length': [ '1.2.2' ],
21 silly audit   'set-function-name': [ '2.0.2' ],
21 silly audit   'set-proto': [ '1.0.0' ],
21 silly audit   sharp: [ '0.34.2' ],
21 silly audit   'shebang-command': [ '2.0.0' ],
21 silly audit   'shebang-regex': [ '3.0.0' ],
21 silly audit   'side-channel': [ '1.1.0' ],
21 silly audit   'side-channel-list': [ '1.0.0' ],
21 silly audit   'side-channel-map': [ '1.0.1' ],
21 silly audit   'side-channel-weakmap': [ '1.0.2' ],
21 silly audit   'simple-swizzle': [ '0.2.2' ],
21 silly audit   'source-map-js': [ '1.2.1' ],
21 silly audit   'stable-hash': [ '0.0.5' ],
21 silly audit   'stop-iteration-iterator': [ '1.1.0' ],
21 silly audit   'stream-events': [ '1.0.5' ],
21 silly audit   'stream-shift': [ '1.0.3' ],
21 silly audit   streamsearch: [ '1.1.0' ],
21 silly audit   string_decoder: [ '1.3.0' ],
21 silly audit   'string-width': [ '4.2.3' ],
21 silly audit   'string.prototype.includes': [ '2.0.1' ],
21 silly audit   'string.prototype.matchall': [ '4.0.12' ],
21 silly audit   'string.prototype.repeat': [ '1.0.0' ],
21 silly audit   'string.prototype.trim': [ '1.2.10' ],
21 silly audit   'string.prototype.trimend': [ '1.0.9' ],
21 silly audit   'string.prototype.trimstart': [ '1.0.8' ],
21 silly audit   'strip-ansi': [ '6.0.1' ],
21 silly audit   'strip-bom': [ '3.0.0' ],
21 silly audit   'strip-json-comments': [ '3.1.1' ],
21 silly audit   strnum: [ '1.1.2' ],
21 silly audit   stubs: [ '3.0.0' ],
21 silly audit   'styled-jsx': [ '5.1.6' ],
21 silly audit   'supports-color': [ '7.2.0' ],
21 silly audit   'supports-preserve-symlinks-flag': [ '1.0.0' ],
21 silly audit   tailwindcss: [ '4.1.11' ],
21 silly audit   tapable: [ '2.2.2' ],
21 silly audit   tar: [ '7.4.3' ],
21 silly audit   'teeny-request': [ '9.0.0' ],
21 silly audit   tinyglobby: [ '0.2.14' ],
21 silly audit   fdir: [ '6.4.6' ],
21 silly audit   'to-regex-range': [ '5.0.1' ],
21 silly audit   tr46: [ '0.0.3' ],
21 silly audit   'ts-api-utils': [ '2.1.0' ],
21 silly audit   'tsconfig-paths': [ '3.15.0' ],
21 silly audit   tslib: [ '2.8.1' ],
21 silly audit   'type-check': [ '0.4.0' ],
21 silly audit   'typed-array-buffer': [ '1.0.3' ],
21 silly audit   'typed-array-byte-length': [ '1.0.3' ],
21 silly audit   'typed-array-byte-offset': [ '1.0.4' ],
21 silly audit   'typed-array-length': [ '1.0.7' ],
21 silly audit   typescript: [ '5.8.3' ],
21 silly audit   'unbox-primitive': [ '1.1.0' ],
21 silly audit   'undici-types': [ '6.21.0' ],
21 silly audit   'unrs-resolver': [ '1.10.1' ],
21 silly audit   'uri-js': [ '4.4.1' ],
21 silly audit   'util-deprecate': [ '1.0.2' ],
21 silly audit   'web-vitals': [ '4.2.4' ],
21 silly audit   'webidl-conversions': [ '3.0.1' ],
21 silly audit   'websocket-driver': [ '0.7.4' ],
21 silly audit   'websocket-extensions': [ '0.1.4' ],
21 silly audit   'whatwg-url': [ '5.0.0' ],
21 silly audit   which: [ '2.0.2' ],
21 silly audit   'which-boxed-primitive': [ '1.1.1' ],
21 silly audit   'which-builtin-type': [ '1.2.1' ],
21 silly audit   'which-collection': [ '1.0.2' ],
21 silly audit   'which-typed-array': [ '1.1.19' ],
21 silly audit   'word-wrap': [ '1.2.5' ],
21 silly audit   'wrap-ansi': [ '7.0.0' ],
21 silly audit   wrappy: [ '1.0.2' ],
21 silly audit   y18n: [ '5.0.8' ],
21 silly audit   yargs: [ '17.7.2' ],
21 silly audit   'yargs-parser': [ '21.1.1' ],
21 silly audit   'yocto-queue': [ '0.1.0' ],
21 silly audit   'firebase-admin': [ '13.4.0' ]
21 silly audit }
22 http fetch POST 200 https://registry.npmjs.org/-/npm/v1/security/advisories/bulk 1345ms
23 silly audit report {}
24 verbose cwd /data/data/com.termux/files/home/ai-job-spot
25 verbose os Linux 5.4.254-android12-9-660873-gb555c87043d9-ab603
26 verbose node v24.2.0
27 verbose npm  v11.3.0
28 verbose exit 0
29 info ok
